[15:49:40] [Server thread/INFO]: Starting minecraft server version 1.10.2
[15:49:58] [Client thread/INFO]: Setting user: Player210
[15:50:03] [Client thread/INFO]: LWJGL Version: 2.9.4
[15:50:06] [Client thread/INFO]: Reloading ResourceManager: Default, FMLFil[15:50:07] [Server thread/INFO]: Loading properties
[15:50:07] [Server thread/INFO]: Default game type: SURVIVAL
[15[15:50:08] [Sound Library Loader/INFO]: Starting up SoundSystem...
[15:50:08] [Thread-7/INFO]: Initializing LWJGL OpenAL
[15:50:08] [Thread-7/INFO]: (The LWJGL binding of OpenAL.  For more information, see http://www.lwjgl.org)
[15:50:08] [Thread-7/INFO]: OpenAL initialized.
[15:50:09] [Sound Library Loader/INFO]: Sound engine started
[15:50:11] [Client thread/INFO]: Created: 16x16 textures-atlas
[15:50:12] [Client thread/INFO]: Reloading ResourceManager: Default, FMLFileResourcePack:Forge Mod Loader, FMLFileResourcePack:Minecraft Forge, FMLFileResourcePack:Imitation_Construction_Foam
[15:50:14] [Client thread/INFO]: SoundSystem shutting down...
[15:50:14] [Client thread/WARN]: Author: Paul Lamb, www.paulscode.com
[15:50:14] [Sound Library Loader/INFO]: Starting up SoundSystem...
[15:50:14] [Thread-9/INFO]: Initializing LWJGL OpenAL
[15:50:14] [Thread-9/INFO]: (The LWJGL binding of OpenAL.  For more i[15:50:26] [Server thread/INFO]: Player210[/127.0.0.1:55170] logged in with entity id 434 at (229.5, 71.0, 100.5)
[15:50:26] [Server thread/INFO]: Player210 joined the game
[15:50:41] [Server thread/INFO]: Opped Player210
[15:50:54] [Server thread/INFO]: [Player210: Set own game mode to Creative Mode]
[15:50:55] [Server thread/INFO]: Player210 has just earned the achievement [Taking Inventory]
[15:51:07] [Server thread/INFO]: [Player210: Set own game mode to Survival Mode]
[15:51:30] [Server thread/INFO]: Player210 lost connection: TextComponent{text='Disconnected', siblings=[], style=Style{hasParent=false, color=null, bold=null, italic=null, underlined=null, obfuscated=null, clickEvent=null, hoverEvent=null, insertion=null}}
[15:51:30] [Server[15:51:38] [Client thread/INFO]: Connect[15:51:38] [Server thread[15:51:46] [Client thread/INFO]: [CHAT] Your game mode has been updated to Creative Mode
[16:10:23] [Client thread/INFO]: Stopping!
[16:10:23] [Client thread/INFO]: SoundSystem shutting down...
[16:10:24] [Client thread/WARN]: Author: Paul Lamb, www.paulsc[16:10:24] [Server thread/INFO]: Player210 lost connection: TranslatableComponent{key='disconnect.genericReason', args=[Internal Exception: java.io.IOException: An existing connection was forcibly closed by the remote host], siblings=[], style=Style{hasParent=false, color=null, bold=null, italic=null, underlined=null, obfuscated=null, clickEvent=null, hoverEvent=null, insertion=null}}
[16:10:24] [Server thread/INFO]: Player210 left the game
[16:10:29] [Server thread/INFO]: Stopping server
[16:10:29] [Server thread/INFO]: Saving players
[16:10:29] [Server thread/INFO]: Saving worlds
[16:10:29] [Server thread/INFO]: Saving chunks for level 'world'/Overworld
[16:10:29] [Server thread/INFO]: Saving chunks for level 'world'/Nether
[16:10:29] [Server thread/INFO]: Saving chunks for level 'world'/The End
[16:17:39] [Client thread/INFO]: Setting user: Player941
[16:17:43] [Client thread/INFO]: LWJGL Version: 2.9.4
[16:17:47] [Client thread/INFO]: Reloading ResourceManager: Default, FMLFileResourcePack:Forge Mod Loader, FMLFileResourcePack:Minecraft Forge, FMLFileResourcePack:Imitation_Construction_Foam
[16:17:49] [Sound Library Loader/INFO]: Starting up SoundSystem...
[16:17:49] [Thread-7/INFO]: Initializing LWJGL OpenAL
[16:17:49] [Thread-7/INFO]: (The LWJGL binding of OpenAL.  For more information, see http://www.lwjgl.org)
[16:17:49] [Thread-7/INFO]: OpenAL initialized.
[16:17:49] [Sound Library Loader/INFO]: Sound engine started
[16:17:51] [Client thread/INFO]: Created: 16x16 textures-atlas
[16:17:53] [Client thread/INFO]: Reloading ResourceManager: Default, FMLFileResourcePack:Forge Mod Loader, FMLFileResourcePack:Minecraft Forge, FMLFileResourcePack:Imitation_Construction_Foam
[16:17:55] [Client thread/INFO]: SoundSystem shutting down...
[16:17:55] [Client thread/WARN]: Author: Paul Lamb, www.paulscode.com
[16:17:55] [Sound Library Loader/INFO]: Starting up SoundSystem...
[16:17:55] [Thread-9/INFO]: Initializing LWJGL OpenAL
[16:17:55] [Thread-9/INFO]: (The LWJGL binding of OpenAL.  For more inform[16:19:03] [Server thread/INFO]: Player941[/127.0.0.1:56256] logged in with entity id 436 at (229.5, 71.0, 100.5)
[16:19:03] [Server thread/INFO]: Player941 joined the game
[16:19:26] [Server thread/INFO]: Opped Player941
[16:19:53] [Server thread/INFO]: [Player941: Set own game mode to Creative Mode]
[16:19:54] [Server thread/INFO]: Player941 has just earned the achievement [Taking Inventory]
[16:20:49] [Server thread/INFO]: Player941 lost connection: TextComponent{text='Disconnected', siblings=[], style=Style{hasParent=false, color=null, bold=null, italic=null, underlined=null, obfuscated=null, clickEvent=null, hoverEvent=null, insertion=null}}
[16:2[16:21:06] [Server thread/INFO]: Starting integrated [16:22:54] [Server thread/INFO]: Stopping server
[16:22:54] [Server thread/INFO]: Saving players
[16:22:54] [Server thread/INFO]: Saving worlds
[16:22:54] [Server thread/INFO]: Saving chunks for level 'world'/Overworld
[16:22:54] [Server thread/INFO]: Saving chunks for level 'world'/Nether
[16:22:54] [Server thread/INFO]: Saving chunks for level 'world'/The End
[16:22:54] [Server Shutdown Thread/INFO]: Stopping server
[16:22:54] [Server Shutdown Thread/INFO]: Saving players
[16:22:54] [Server Shutdown Thread/INFO]: Saving worlds
 'New World'/Overworld
[16:21:09] [Server thread/INFO]: Saving chunks for level 'New World'/Nether
[16:21:09] [Server thread/INFO]: Saving chunks for level 'New World'/The End
[16:21:12] [Server thread/INFO]: Player941 has just earned the achievement [Taking Inventory]
[16:21:12] [Client thread/INFO]: [CHAT] Player941 has just earned the achievement [Taking Inventory]
[16:22:39] [Server thread/INFO]: Saving and pausing game...
[16:22:39] [Server thread/INFO]: Saving chunks for level 'New World'/Overworld
[16:22:39] [Server thread/INFO]: Saving chunks for level 'New World'/Nether
[16:22:39] [Server thread/INFO]: Saving chunks for level 'New World'/The End
[16:22:40] [Server thread/INFO]: Stopping server
[16:22:40] [Server thread/INFO]: Saving players
[16:22:40] [Server thread/INFO]: Saving worlds
[16:22:40] [Server thread/INFO]: Saving chunks for level 'New World'/Overworld
[16:22:40] [Server thread/INFO]: Saving chunks for level 'New World'/Nether
[16:22:40] [Server thread/INFO]: Saving chunks for level 'New World'/The End
[16:22:48] [Client thread/INFO]: Stopping!
[16:22:48] [Client thread/INFO]: SoundSystem shutting down...
[16:22:48] [Client thread/WARN]: Author: Paul Lamb, www.paulscode.com
